2026-01-13T17:53:12.301+05:30  INFO 24464 --- [trade-service] [main] c.t.s.t.TradeServiceApplication          : Starting TradeServiceApplication using Java 17.0.12 with PID 24464 (C:\Users\TSahu\Documents\trade_application\FX_Sample_App\trade-service\target\classes started by TSahu in C:\Users\TSahu\Documents\trade_application\FX_Sample_App\trade-service)
2026-01-13T17:53:12.310+05:30  INFO 24464 --- [trade-service] [main] c.t.s.t.TradeServiceApplication          : No active profile set, falling back to 1 default profile: "default"
2026-01-13T17:53:13.520+05:30  INFO 24464 --- [trade-service] [main] .s.d.r.c.RepositoryConfigurationDelegate : Bootstrapping Spring Data JPA repositories in DEFAULT mode.
2026-01-13T17:53:13.648+05:30  INFO 24464 --- [trade-service] [main] .s.d.r.c.RepositoryConfigurationDelegate : Finished Spring Data repository scanning in 102 ms. Found 4 JPA repository interfaces.
2026-01-13T17:53:14.620+05:30  INFO 24464 --- [trade-service] [main] o.s.boot.tomcat.TomcatWebServer          : Tomcat initialized with port 8080 (http)
2026-01-13T17:53:14.644+05:30  INFO 24464 --- [trade-service] [main] o.apache.catalina.core.StandardService   : Starting service [Tomcat]
2026-01-13T17:53:14.644+05:30  INFO 24464 --- [trade-service] [main] o.apache.catalina.core.StandardEngine    : Starting Servlet engine: [Apache Tomcat/11.0.15]
2026-01-13T17:53:14.756+05:30  INFO 24464 --- [trade-service] [main] b.w.c.s.WebApplicationContextInitializer : Root WebApplicationContext: initialization completed in 2337 ms
2026-01-13T17:53:14.994+05:30  INFO 24464 --- [trade-service] [main] org.hibernate.orm.jpa                    : HHH008540: Processing PersistenceUnitInfo [name: default]
2026-01-13T17:53:15.127+05:30  INFO 24464 --- [trade-service] [main] org.hibernate.orm.core                   : HHH000001: Hibernate ORM core version 7.2.0.Final
2026-01-13T17:53:16.004+05:30  INFO 24464 --- [trade-service] [main] o.s.o.j.p.SpringPersistenceUnitInfo      : No LoadTimeWeaver setup: ignoring JPA class transformer
2026-01-13T17:53:16.059+05:30  INFO 24464 --- [trade-service] [main] com.zaxxer.hikari.HikariDataSource       : HikariPool-1 - Starting...
2026-01-13T17:53:16.351+05:30  INFO 24464 --- [trade-service] [main] com.zaxxer.hikari.pool.HikariPool        : HikariPool-1 - Added connection conn0: url=jdbc:h2:mem:tradedb user=SA
2026-01-13T17:53:16.367+05:30  INFO 24464 --- [trade-service] [main] com.zaxxer.hikari.HikariDataSource       : HikariPool-1 - Start completed.
2026-01-13T17:53:16.475+05:30  WARN 24464 --- [trade-service] [main] org.hibernate.orm.deprecation            : HHH90000025: H2Dialect does not need to be specified explicitly using 'hibernate.dialect' (remove the property setting and it will be selected by default)
2026-01-13T17:53:16.511+05:30  INFO 24464 --- [trade-service] [main] org.hibernate.orm.connections.pooling    : HHH10001005: Database info:
	Database JDBC URL [jdbc:h2:mem:tradedb]
	Database driver: H2 JDBC Driver
	Database dialect: H2Dialect
	Database version: 2.4.240
	Default catalog/schema: TRADEDB/PUBLIC
	Autocommit mode: undefined/unknown
	Isolation level: READ_COMMITTED [default READ_COMMITTED]
	JDBC fetch size: 100
	Pool: DataSourceConnectionProvider
	Minimum pool size: undefined/unknown
	Maximum pool size: undefined/unknown
2026-01-13T17:53:18.055+05:30  INFO 24464 --- [trade-service] [main] org.hibernate.orm.core                   : HHH000489: No JTA platform available (set 'hibernate.transaction.jta.platform' to enable JTA platform integration)
2026-01-13T17:53:18.166+05:30  INFO 24464 --- [trade-service] [main] j.LocalContainerEntityManagerFactoryBean : Initialized JPA EntityManagerFactory for persistence unit 'default'
2026-01-13T17:53:18.295+05:30  INFO 24464 --- [trade-service] [main] o.s.d.j.r.query.QueryEnhancerFactories   : Hibernate is in classpath; If applicable, HQL parser will be used.
2026-01-13T17:53:19.609+05:30  WARN 24464 --- [trade-service] [main] JpaBaseConfiguration$JpaWebConfiguration : spring.jpa.open-in-view is enabled by default. Therefore, database queries may be performed during view rendering. Explicitly configure spring.jpa.open-in-view to disable this warning
2026-01-13T17:53:20.162+05:30  INFO 24464 --- [trade-service] [main] o.s.b.h.a.H2ConsoleAutoConfiguration     : H2 console available at '/h2-console'. Database available at 'jdbc:h2:mem:tradedb'
2026-01-13T17:53:20.250+05:30  INFO 24464 --- [trade-service] [main] o.s.boot.tomcat.TomcatWebServer          : Tomcat started on port 8080 (http) with context path '/'
2026-01-13T17:53:20.259+05:30  INFO 24464 --- [trade-service] [main] c.t.s.t.TradeServiceApplication          : Started TradeServiceApplication in 8.661 seconds (process running for 9.425)
2026-01-13T17:53:51.216+05:30  INFO 24464 --- [trade-service] [http-nio-8080-exec-1] o.a.c.c.C.[Tomcat].[localhost].[/]       : Initializing Spring DispatcherServlet 'dispatcherServlet'
2026-01-13T17:53:51.220+05:30  INFO 24464 --- [trade-service] [http-nio-8080-exec-1] o.s.web.servlet.DispatcherServlet        : Initializing Servlet 'dispatcherServlet'
2026-01-13T17:53:51.224+05:30  INFO 24464 --- [trade-service] [http-nio-8080-exec-1] o.s.web.servlet.DispatcherServlet        : Completed initialization in 2 ms
