2026-01-14T00:26:04.639+05:30  WARN 36300 --- [trade-service] [HikariPool-1:housekeeper] com.zaxxer.hikari.pool.HikariPool        : HikariPool-1 - Thread starvation or clock leap detected (housekeeper delta=6h17s437ms776µs800ns).
2026-01-14T09:37:20.161+05:30  WARN 36300 --- [trade-service] [HikariPool-1:housekeeper] com.zaxxer.hikari.pool.HikariPool        : HikariPool-1 - Thread starvation or clock leap detected (housekeeper delta=9h12m53s770ms855µs400ns).
2026-01-14T10:16:45.669+05:30  INFO 3136 --- [trade-service] [main] c.t.s.t.TradeServiceApplication          : Starting TradeServiceApplication using Java 17.0.12 with PID 3136 (C:\Users\DiRai\OneDrive - DXC Production\Documents\Trade-service\trade-service\target\classes started by DiRai in C:\Users\DiRai\OneDrive - DXC Production\Documents\Trade-service\trade-service)
2026-01-14T10:16:45.675+05:30  INFO 3136 --- [trade-service] [main] c.t.s.t.TradeServiceApplication          : No active profile set, falling back to 1 default profile: "default"
2026-01-14T10:16:46.557+05:30  INFO 3136 --- [trade-service] [main] .s.d.r.c.RepositoryConfigurationDelegate : Bootstrapping Spring Data JPA repositories in DEFAULT mode.
2026-01-14T10:16:46.672+05:30  INFO 3136 --- [trade-service] [main] .s.d.r.c.RepositoryConfigurationDelegate : Finished Spring Data repository scanning in 92 ms. Found 4 JPA repository interfaces.
2026-01-14T10:16:47.327+05:30  INFO 3136 --- [trade-service] [main] o.s.boot.tomcat.TomcatWebServer          : Tomcat initialized with port 8080 (http)
2026-01-14T10:16:47.340+05:30  INFO 3136 --- [trade-service] [main] o.apache.catalina.core.StandardService   : Starting service [Tomcat]
2026-01-14T10:16:47.340+05:30  INFO 3136 --- [trade-service] [main] o.apache.catalina.core.StandardEngine    : Starting Servlet engine: [Apache Tomcat/11.0.15]
2026-01-14T10:16:47.405+05:30  INFO 3136 --- [trade-service] [main] b.w.c.s.WebApplicationContextInitializer : Root WebApplicationContext: initialization completed in 1667 ms
2026-01-14T10:16:47.561+05:30  INFO 3136 --- [trade-service] [main] org.hibernate.orm.jpa                    : HHH008540: Processing PersistenceUnitInfo [name: default]
2026-01-14T10:16:47.643+05:30  INFO 3136 --- [trade-service] [main] org.hibernate.orm.core                   : HHH000001: Hibernate ORM core version 7.2.0.Final
2026-01-14T10:16:48.139+05:30  INFO 3136 --- [trade-service] [main] o.s.o.j.p.SpringPersistenceUnitInfo      : No LoadTimeWeaver setup: ignoring JPA class transformer
2026-01-14T10:16:48.187+05:30  INFO 3136 --- [trade-service] [main] com.zaxxer.hikari.HikariDataSource       : HikariPool-1 - Starting...
2026-01-14T10:16:48.426+05:30  INFO 3136 --- [trade-service] [main] com.zaxxer.hikari.pool.HikariPool        : HikariPool-1 - Added connection conn0: url=jdbc:h2:mem:tradedb user=SA
2026-01-14T10:16:48.428+05:30  INFO 3136 --- [trade-service] [main] com.zaxxer.hikari.HikariDataSource       : HikariPool-1 - Start completed.
2026-01-14T10:16:48.456+05:30  WARN 3136 --- [trade-service] [main] org.hibernate.orm.deprecation            : HHH90000025: H2Dialect does not need to be specified explicitly using 'hibernate.dialect' (remove the property setting and it will be selected by default)
2026-01-14T10:16:48.482+05:30  INFO 3136 --- [trade-service] [main] org.hibernate.orm.connections.pooling    : HHH10001005: Database info:
	Database JDBC URL [jdbc:h2:mem:tradedb]
	Database driver: H2 JDBC Driver
	Database dialect: H2Dialect
	Database version: 2.4.240
	Default catalog/schema: TRADEDB/PUBLIC
	Autocommit mode: undefined/unknown
	Isolation level: READ_COMMITTED [default READ_COMMITTED]
	JDBC fetch size: 100
	Pool: DataSourceConnectionProvider
	Minimum pool size: undefined/unknown
	Maximum pool size: undefined/unknown
2026-01-14T10:16:49.481+05:30  INFO 3136 --- [trade-service] [main] org.hibernate.orm.core                   : HHH000489: No JTA platform available (set 'hibernate.transaction.jta.platform' to enable JTA platform integration)
2026-01-14T10:16:49.588+05:30  INFO 3136 --- [trade-service] [main] j.LocalContainerEntityManagerFactoryBean : Initialized JPA EntityManagerFactory for persistence unit 'default'
2026-01-14T10:16:49.701+05:30  INFO 3136 --- [trade-service] [main] o.s.d.j.r.query.QueryEnhancerFactories   : Hibernate is in classpath; If applicable, HQL parser will be used.
2026-01-14T10:16:50.918+05:30  WARN 3136 --- [trade-service] [main] JpaBaseConfiguration$JpaWebConfiguration : spring.jpa.open-in-view is enabled by default. Therefore, database queries may be performed during view rendering. Explicitly configure spring.jpa.open-in-view to disable this warning
2026-01-14T10:16:51.410+05:30  INFO 3136 --- [trade-service] [main] o.s.b.h.a.H2ConsoleAutoConfiguration     : H2 console available at '/h2-console'. Database available at 'jdbc:h2:mem:tradedb'
2026-01-14T10:16:51.493+05:30  INFO 3136 --- [trade-service] [main] o.s.boot.tomcat.TomcatWebServer          : Tomcat started on port 8080 (http) with context path '/'
2026-01-14T10:16:51.509+05:30  INFO 3136 --- [trade-service] [main] c.t.s.t.TradeServiceApplication          : Started TradeServiceApplication in 6.633 seconds (process running for 7.177)
2026-01-14T10:17:14.711+05:30  INFO 3136 --- [trade-service] [http-nio-8080-exec-3] o.a.c.c.C.[Tomcat].[localhost].[/]       : Initializing Spring DispatcherServlet 'dispatcherServlet'
2026-01-14T10:17:14.713+05:30  INFO 3136 --- [trade-service] [http-nio-8080-exec-3] o.s.web.servlet.DispatcherServlet        : Initializing Servlet 'dispatcherServlet'
2026-01-14T10:17:14.717+05:30  INFO 3136 --- [trade-service] [http-nio-8080-exec-3] o.s.web.servlet.DispatcherServlet        : Completed initialization in 3 ms
2026-01-14T11:01:26.431+05:30  WARN 3136 --- [trade-service] [HikariPool-1:housekeeper] com.zaxxer.hikari.pool.HikariPool        : HikariPool-1 - Thread starvation or clock leap detected (housekeeper delta=41m7s842ms466µs).
2026-01-14T12:43:39.954+05:30  WARN 3136 --- [trade-service] [HikariPool-1:housekeeper] com.zaxxer.hikari.pool.HikariPool        : HikariPool-1 - Thread starvation or clock leap detected (housekeeper delta=6m41s970ms860µs).
2026-01-14T14:40:19.984+05:30  WARN 3136 --- [trade-service] [HikariPool-1:housekeeper] com.zaxxer.hikari.pool.HikariPool        : HikariPool-1 - Thread starvation or clock leap detected (housekeeper delta=1h7m36s881ms486µs200ns).
2026-01-14T16:33:42.199+05:30  WARN 3136 --- [trade-service] [HikariPool-1:housekeeper] com.zaxxer.hikari.pool.HikariPool        : HikariPool-1 - Thread starvation or clock leap detected (housekeeper delta=8m50s441ms535µs300ns).
2026-01-14T16:47:27.750+05:30  WARN 3136 --- [trade-service] [HikariPool-1:housekeeper] com.zaxxer.hikari.pool.HikariPool        : HikariPool-1 - Thread starvation or clock leap detected (housekeeper delta=9m15s474ms244µs800ns).
